{"D:\\Desarrollos\\prueba-fullstack-node-angular\\Backend\\src\\index.ts": {"path":"D:\\Desarrollos\\prueba-fullstack-node-angular\\Backend\\src\\index.ts","statementMap":{"0":{"start":{"line":1,"column":0},"end":{"line":1,"column":30}},"1":{"start":{"line":2,"column":0},"end":{"line":2,"column":24}},"2":{"start":{"line":3,"column":0},"end":{"line":3,"column":54}},"3":{"start":{"line":4,"column":0},"end":{"line":4,"column":44}},"4":{"start":{"line":6,"column":13},"end":{"line":6,"column":29}},"5":{"start":{"line":7,"column":0},"end":{"line":7,"column":24}},"6":{"start":{"line":8,"column":0},"end":{"line":8,"column":16}},"7":{"start":{"line":10,"column":13},"end":{"line":10,"column":17}},"8":{"start":{"line":11,"column":11},"end":{"line":11,"column":33}},"9":{"start":{"line":14,"column":0},"end":{"line":14,"column":21}},"10":{"start":{"line":17,"column":0},"end":{"line":23,"column":null}},"11":{"start":{"line":20,"column":8},"end":{"line":20,"column":27}},"12":{"start":{"line":22,"column":8},"end":{"line":22,"column":null}}},"fnMap":{"0":{"name":"(anonymous_1)","decl":{"start":{"line":18,"column":10},"end":{"line":18,"column":16}},"loc":{"start":{"line":18,"column":19},"end":{"line":23,"column":5}}},"1":{"name":"(anonymous_2)","decl":{"start":{"line":22,"column":25},"end":{"line":22,"column":28}},"loc":{"start":{"line":22,"column":30},"end":{"line":22,"column":34}}}},"branchMap":{},"s":{"0":1,"1":1,"2":1,"3":1,"4":1,"5":1,"6":1,"7":1,"8":1,"9":1,"10":1,"11":0,"12":0},"f":{"0":0,"1":0},"b":{}}
,"D:\\Desarrollos\\prueba-fullstack-node-angular\\Backend\\src\\controllers\\root.ts": {"path":"D:\\Desarrollos\\prueba-fullstack-node-angular\\Backend\\src\\controllers\\root.ts","statementMap":{"0":{"start":{"line":1,"column":0},"end":{"line":1,"column":31}},"1":{"start":{"line":2,"column":0},"end":{"line":2,"column":35}},"2":{"start":{"line":4,"column":11},"end":{"line":22,"column":2}},"3":{"start":{"line":7,"column":8},"end":{"line":7,"column":35}},"4":{"start":{"line":11,"column":21},"end":{"line":11,"column":30}},"5":{"start":{"line":12,"column":8},"end":{"line":19,"column":null}},"6":{"start":{"line":13,"column":12},"end":{"line":13,"column":50}},"7":{"start":{"line":14,"column":15},"end":{"line":19,"column":null}},"8":{"start":{"line":15,"column":12},"end":{"line":15,"column":55}},"9":{"start":{"line":16,"column":15},"end":{"line":19,"column":null}},"10":{"start":{"line":18,"column":12},"end":{"line":18,"column":58}},"11":{"start":{"line":25,"column":4},"end":{"line":33,"column":null}},"12":{"start":{"line":26,"column":29},"end":{"line":26,"column":66}},"13":{"start":{"line":27,"column":29},"end":{"line":27,"column":60}},"14":{"start":{"line":29,"column":8},"end":{"line":32,"column":10}},"15":{"start":{"line":35,"column":4},"end":{"line":40,"column":null}},"16":{"start":{"line":36,"column":8},"end":{"line":39,"column":10}}},"fnMap":{"0":{"name":"(anonymous_1)","decl":{"start":{"line":6,"column":12},"end":{"line":6,"column":13}},"loc":{"start":{"line":6,"column":26},"end":{"line":8,"column":5}}},"1":{"name":"(anonymous_2)","decl":{"start":{"line":10,"column":15},"end":{"line":10,"column":16}},"loc":{"start":{"line":10,"column":28},"end":{"line":20,"column":5}}},"2":{"name":"validarDatosFormulario","decl":{"start":{"line":24,"column":9},"end":{"line":24,"column":31}},"loc":{"start":{"line":24,"column":36},"end":{"line":41,"column":1}}}},"branchMap":{"0":{"loc":{"start":{"line":11,"column":21},"end":{"line":11,"column":30}},"type":"cond-expr","locations":[{"start":{"line":11,"column":24},"end":{"line":11,"column":26}},{"start":{"line":11,"column":21},"end":{"line":11,"column":30}}]},"1":{"loc":{"start":{"line":11,"column":21},"end":{"line":11,"column":26}},"type":"binary-expr","locations":[{"start":{"line":11,"column":21},"end":{"line":11,"column":26}},{"start":{"line":11,"column":21},"end":{"line":11,"column":26}}]},"2":{"loc":{"start":{"line":12,"column":8},"end":{"line":19,"column":null}},"type":"if","locations":[{"start":{"line":12,"column":8},"end":{"line":19,"column":null}},{"start":{"line":14,"column":15},"end":{"line":19,"column":null}}]},"3":{"loc":{"start":{"line":12,"column":12},"end":{"line":12,"column":32}},"type":"binary-expr","locations":[{"start":{"line":12,"column":12},"end":{"line":12,"column":17}},{"start":{"line":12,"column":21},"end":{"line":12,"column":32}}]},"4":{"loc":{"start":{"line":14,"column":15},"end":{"line":19,"column":null}},"type":"if","locations":[{"start":{"line":14,"column":15},"end":{"line":19,"column":null}},{"start":{"line":16,"column":15},"end":{"line":19,"column":null}}]},"5":{"loc":{"start":{"line":16,"column":15},"end":{"line":19,"column":null}},"type":"if","locations":[{"start":{"line":16,"column":15},"end":{"line":19,"column":null}}]},"6":{"loc":{"start":{"line":35,"column":4},"end":{"line":40,"column":null}},"type":"if","locations":[{"start":{"line":35,"column":4},"end":{"line":40,"column":null}}]},"7":{"loc":{"start":{"line":35,"column":7},"end":{"line":35,"column":39}},"type":"binary-expr","locations":[{"start":{"line":35,"column":7},"end":{"line":35,"column":21}},{"start":{"line":35,"column":25},"end":{"line":35,"column":39}}]}},"s":{"0":1,"1":1,"2":1,"3":1,"4":3,"5":3,"6":0,"7":3,"8":1,"9":2,"10":2,"11":2,"12":2,"13":1,"14":1,"15":1,"16":1},"f":{"0":1,"1":3,"2":2},"b":{"0":[0,3],"1":[3,3],"2":[0,3],"3":[3,3],"4":[1,2],"5":[2],"6":[1],"7":[1,1]}}
,"D:\\Desarrollos\\prueba-fullstack-node-angular\\Backend\\src\\encrypt\\RSA.ts": {"path":"D:\\Desarrollos\\prueba-fullstack-node-angular\\Backend\\src\\encrypt\\RSA.ts","statementMap":{"0":{"start":{"line":1,"column":0},"end":{"line":1,"column":34}},"1":{"start":{"line":5,"column":21},"end":{"line":5,"column":46}},"2":{"start":{"line":8,"column":19},"end":{"line":8,"column":80}},"3":{"start":{"line":9,"column":4},"end":{"line":9,"column":null}},"4":{"start":{"line":11,"column":25},"end":{"line":11,"column":53}},"5":{"start":{"line":12,"column":25},"end":{"line":12,"column":53}},"6":{"start":{"line":15,"column":4},"end":{"line":18,"column":6}},"7":{"start":{"line":3,"column":0},"end":{"line":3,"column":22}}},"fnMap":{"0":{"name":"generarLlavesRSA","decl":{"start":{"line":3,"column":22},"end":{"line":3,"column":38}},"loc":{"start":{"line":3,"column":38},"end":{"line":19,"column":null}}}},"branchMap":{},"s":{"0":1,"1":1,"2":1,"3":0,"4":0,"5":0,"6":0,"7":1},"f":{"0":1},"b":{}}
,"D:\\Desarrollos\\prueba-fullstack-node-angular\\Backend\\src\\routes\\root.ts": {"path":"D:\\Desarrollos\\prueba-fullstack-node-angular\\Backend\\src\\routes\\root.ts","statementMap":{"0":{"start":{"line":1,"column":0},"end":{"line":1,"column":30}},"1":{"start":{"line":2,"column":0},"end":{"line":2,"column":49}},"2":{"start":{"line":4,"column":11},"end":{"line":4,"column":37}},"3":{"start":{"line":6,"column":0},"end":{"line":6,"column":41}},"4":{"start":{"line":7,"column":0},"end":{"line":7,"column":48}}},"fnMap":{},"branchMap":{},"s":{"0":1,"1":1,"2":1,"3":1,"4":1},"f":{},"b":{}}
}
