TN:
SF:src\index.ts
FN:18,(anonymous_1)
FN:22,(anonymous_2)
FNF:2
FNH:0
FNDA:0,(anonymous_1)
FNDA:0,(anonymous_2)
DA:1,1
DA:2,1
DA:3,1
DA:4,1
DA:6,1
DA:7,1
DA:8,1
DA:10,1
DA:11,1
DA:14,1
DA:17,1
DA:20,0
DA:22,0
LF:13
LH:11
BRF:0
BRH:0
end_of_record
TN:
SF:src\controllers\root.ts
FN:6,(anonymous_1)
FN:10,(anonymous_2)
FN:24,validarDatosFormulario
FNF:3
FNH:3
FNDA:1,(anonymous_1)
FNDA:3,(anonymous_2)
FNDA:2,validarDatosFormulario
DA:1,1
DA:2,1
DA:4,1
DA:7,1
DA:11,3
DA:12,3
DA:13,0
DA:14,3
DA:15,1
DA:16,2
DA:18,2
DA:25,2
DA:26,2
DA:27,1
DA:29,1
DA:35,1
DA:36,1
LF:17
LH:16
BRDA:11,0,0,0
BRDA:11,0,1,3
BRDA:11,1,0,3
BRDA:11,1,1,3
BRDA:12,2,0,0
BRDA:12,2,1,3
BRDA:12,3,0,3
BRDA:12,3,1,3
BRDA:14,4,0,1
BRDA:14,4,1,2
BRDA:16,5,0,2
BRDA:35,6,0,1
BRDA:35,7,0,1
BRDA:35,7,1,1
BRF:14
BRH:12
end_of_record
TN:
SF:src\encrypt\RSA.ts
FN:3,generarLlavesRSA
FNF:1
FNH:1
FNDA:1,generarLlavesRSA
DA:1,1
DA:3,1
DA:5,1
DA:8,1
DA:9,0
DA:11,0
DA:12,0
DA:15,0
LF:8
LH:4
BRF:0
BRH:0
end_of_record
TN:
SF:src\routes\root.ts
FNF:0
FNH:0
DA:1,1
DA:2,1
DA:4,1
DA:6,1
DA:7,1
LF:5
LH:5
BRF:0
BRH:0
end_of_record
